# JRE version: OpenJDK Runtime Environment (8.0_76-b03) (build 1.8.0_76-release-b03)
# Java VM: OpenJDK 64-Bit Server VM (25.76-b03 mixed mode windows-amd64 compressed oops)
Heap:
 PSYoungGen      total 226816K, used 109673K [0x00000000e0000000, 0x00000000efc00000, 0x0000000100000000)
  eden space 205824K, 43% used [0x00000000e0000000,0x00000000e56a1ae0,0x00000000ec900000)
  from space 20992K, 99% used [0x00000000ee180000,0x00000000ef5f89e0,0x00000000ef600000)
  to   space 25088K, 0% used [0x00000000ec900000,0x00000000ec900000,0x00000000ee180000)
 ParOldGen       total 107008K, used 34082K [0x00000000a0000000, 0x00000000a6880000, 0x00000000e0000000)
  object space 107008K, 31% used [0x00000000a0000000,0x00000000a2148888,0x00000000a6880000)
 Metaspace       used 57113K, capacity 58482K, committed 58752K, reserved 1099776K
  class space    used 7424K, capacity 7788K, committed 7808K, reserved 1048576K
GC Heap History (10 events):
Event: 13.001 GC heap before
{Heap before GC invocations=8 (full 2):
 PSYoungGen      total 142848K, used 11258K [0x00000000e0000000, 0x00000000ecd80000, 0x0000000100000000)
  eden space 131584K, 0% used [0x00000000e0000000,0x00000000e0000000,0x00000000e8080000)
  from space 11264K, 99% used [0x00000000e8d80000,0x00000000e987eba0,0x00000000e9880000)
  to   space 13312K, 0% used [0x00000000e8080000,0x00000000e8080000,0x00000000e8d80000)
 ParOldGen       total 70656K, used 15896K [0x00000000a0000000, 0x00000000a4500000, 0x00000000e0000000)
  object space 70656K, 22% used [0x00000000a0000000,0x00000000a0f86260,0x00000000a4500000)
 Metaspace       used 34590K, capacity 35194K, committed 35496K, reserved 1079296K
  class space    used 4617K, capacity 4808K, committed 4864K, reserved 1048576K
Event: 13.135 GC heap after
Heap after GC invocations=8 (full 2):
 PSYoungGen      total 142848K, used 0K [0x00000000e0000000, 0x00000000ecd80000, 0x0000000100000000)
  eden space 131584K, 0% used [0x00000000e0000000,0x00000000e0000000,0x00000000e8080000)
  from space 11264K, 0% used [0x00000000e8d80000,0x00000000e8d80000,0x00000000e9880000)
  to   space 13312K, 0% used [0x00000000e8080000,0x00000000e8080000,0x00000000e8d80000)
 ParOldGen       total 107008K, used 18355K [0x00000000a0000000, 0x00000000a6880000, 0x00000000e0000000)
  object space 107008K, 17% used [0x00000000a0000000,0x00000000a11eccb0,0x00000000a6880000)
 Metaspace       used 34590K, capacity 35194K, committed 35496K, reserved 1079296K
  class space    used 4617K, capacity 4808K, committed 4864K, reserved 1048576K
}
Event: 16.687 GC heap before
{Heap before GC invocations=9 (full 2):
 PSYoungGen      total 142848K, used 131584K [0x00000000e0000000, 0x00000000ecd80000, 0x0000000100000000)
  eden space 131584K, 100% used [0x00000000e0000000,0x00000000e8080000,0x00000000e8080000)
  from space 11264K, 0% used [0x00000000e8d80000,0x00000000e8d80000,0x00000000e9880000)
  to   space 13312K, 0% used [0x00000000e8080000,0x00000000e8080000,0x00000000e8d80000)
 ParOldGen       total 107008K, used 18355K [0x00000000a0000000, 0x00000000a6880000, 0x00000000e0000000)
  object space 107008K, 17% used [0x00000000a0000000,0x00000000a11eccb0,0x00000000a6880000)
 Metaspace       used 42656K, capacity 43596K, committed 43904K, reserved 1087488K
  class space    used 5670K, capacity 5933K, committed 6016K, reserved 1048576K
Event: 16.698 GC heap after
Heap after GC invocations=9 (full 2):
 PSYoungGen      total 144896K, used 10151K [0x00000000e0000000, 0x00000000ec700000, 0x0000000100000000)
  eden space 131584K, 0% used [0x00000000e0000000,0x00000000e0000000,0x00000000e8080000)
  from space 13312K, 76% used [0x00000000e8080000,0x00000000e8a69da0,0x00000000e8d80000)
  to   space 13824K, 0% used [0x00000000eb980000,0x00000000eb980000,0x00000000ec700000)
 ParOldGen       total 107008K, used 18363K [0x00000000a0000000, 0x00000000a6880000, 0x00000000e0000000)
  object space 107008K, 17% used [0x00000000a0000000,0x00000000a11eecb0,0x00000000a6880000)
 Metaspace       used 42656K, capacity 43596K, committed 43904K, reserved 1087488K
  class space    used 5670K, capacity 5933K, committed 6016K, reserved 1048576K
}
Event: 18.373 GC heap before
{Heap before GC invocations=10 (full 2):
 PSYoungGen      total 144896K, used 141735K [0x00000000e0000000, 0x00000000ec700000, 0x0000000100000000)
  eden space 131584K, 100% used [0x00000000e0000000,0x00000000e8080000,0x00000000e8080000)
  from space 13312K, 76% used [0x00000000e8080000,0x00000000e8a69da0,0x00000000e8d80000)
  to   space 13824K, 0% used [0x00000000eb980000,0x00000000eb980000,0x00000000ec700000)
 ParOldGen       total 107008K, used 18363K [0x00000000a0000000, 0x00000000a6880000, 0x00000000e0000000)
  object space 107008K, 17% used [0x00000000a0000000,0x00000000a11eecb0,0x00000000a6880000)
 Metaspace       used 44536K, capacity 45536K, committed 45696K, reserved 1089536K
  class space    used 5934K, capacity 6219K, committed 6272K, reserved 1048576K
Event: 18.392 GC heap after
Heap after GC invocations=10 (full 2):
 PSYoungGen      total 189440K, used 11502K [0x00000000e0000000, 0x00000000ec880000, 0x0000000100000000)
  eden space 175616K, 0% used [0x00000000e0000000,0x00000000e0000000,0x00000000eab80000)
  from space 13824K, 83% used [0x00000000eb980000,0x00000000ec4bbb20,0x00000000ec700000)
  to   space 14336K, 0% used [0x00000000eab80000,0x00000000eab80000,0x00000000eb980000)
 ParOldGen       total 107008K, used 18435K [0x00000000a0000000, 0x00000000a6880000, 0x00000000e0000000)
  object space 107008K, 17% used [0x00000000a0000000,0x00000000a1200cc0,0x00000000a6880000)
 Metaspace       used 44536K, capacity 45536K, committed 45696K, reserved 1089536K
  class space    used 5934K, capacity 6219K, committed 6272K, reserved 1048576K
}
Event: 23.522 GC heap before
{Heap before GC invocations=11 (full 2):
 PSYoungGen      total 189440K, used 187118K [0x00000000e0000000, 0x00000000ec880000, 0x0000000100000000)
  eden space 175616K, 100% used [0x00000000e0000000,0x00000000eab80000,0x00000000eab80000)
  from space 13824K, 83% used [0x00000000eb980000,0x00000000ec4bbb20,0x00000000ec700000)
  to   space 14336K, 0% used [0x00000000eab80000,0x00000000eab80000,0x00000000eb980000)
 ParOldGen       total 107008K, used 18435K [0x00000000a0000000, 0x00000000a6880000, 0x00000000e0000000)
  object space 107008K, 17% used [0x00000000a0000000,0x00000000a1200cc0,0x00000000a6880000)
 Metaspace       used 49523K, capacity 50780K, committed 50944K, reserved 1093632K
  class space    used 6589K, capacity 6885K, committed 6912K, reserved 1048576K
Event: 23.559 GC heap after
Heap after GC invocations=11 (full 2):
 PSYoungGen      total 189952K, used 14322K [0x00000000e0000000, 0x00000000ef600000, 0x0000000100000000)
  eden space 175616K, 0% used [0x00000000e0000000,0x00000000e0000000,0x00000000eab80000)
  from space 14336K, 99% used [0x00000000eab80000,0x00000000eb97c8e0,0x00000000eb980000)
  to   space 20992K, 0% used [0x00000000ee180000,0x00000000ee180000,0x00000000ef600000)
 ParOldGen       total 107008K, used 30295K [0x00000000a0000000, 0x00000000a6880000, 0x00000000e0000000)
  object space 107008K, 28% used [0x00000000a0000000,0x00000000a1d95ea0,0x00000000a6880000)
 Metaspace       used 49523K, capacity 50780K, committed 50944K, reserved 1093632K
  class space    used 6589K, capacity 6885K, committed 6912K, reserved 1048576K
}
Event: 29.718 GC heap before
{Heap before GC invocations=12 (full 2):
 PSYoungGen      total 189952K, used 189938K [0x00000000e0000000, 0x00000000ef600000, 0x0000000100000000)
  eden space 175616K, 100% used [0x00000000e0000000,0x00000000eab80000,0x00000000eab80000)
  from space 14336K, 99% used [0x00000000eab80000,0x00000000eb97c8e0,0x00000000eb980000)
  to   space 20992K, 0% used [0x00000000ee180000,0x00000000ee180000,0x00000000ef600000)
 ParOldGen       total 107008K, used 30295K [0x00000000a0000000, 0x00000000a6880000, 0x00000000e0000000)
  object space 107008K, 28% used [0x00000000a0000000,0x00000000a1d95ea0,0x00000000a6880000)
 Metaspace       used 55496K, capacity 56852K, committed 57088K, reserved 1099776K
  class space    used 7235K, capacity 7563K, committed 7680K, reserved 1048576K
Event: 29.756 GC heap after
Heap after GC invocations=12 (full 2):
 PSYoungGen      total 226816K, used 20962K [0x00000000e0000000, 0x00000000efc00000, 0x0000000100000000)
  eden space 205824K, 0% used [0x00000000e0000000,0x00000000e0000000,0x00000000ec900000)
  from space 20992K, 99% used [0x00000000ee180000,0x00000000ef5f89e0,0x00000000ef600000)
  to   space 25088K, 0% used [0x00000000ec900000,0x00000000ec900000,0x00000000ee180000)
 ParOldGen       total 107008K, used 34082K [0x00000000a0000000, 0x00000000a6880000, 0x00000000e0000000)
  object space 107008K, 31% used [0x00000000a0000000,0x00000000a2148888,0x00000000a6880000)
 Metaspace       used 55496K, capacity 56852K, committed 57088K, reserved 1099776K
  class space    used 7235K, capacity 7563K, committed 7680K, reserved 1048576K
}

