# JRE version: OpenJDK Runtime Environment (8.0_76-b03) (build 1.8.0_76-release-b03)
# Java VM: OpenJDK 64-Bit Server VM (25.76-b03 mixed mode windows-amd64 compressed oops)
Heap:
 PSYoungGen      total 251392K, used 8840K [0x00000000e0000000, 0x00000000f3100000, 0x0000000100000000)
  eden space 223744K, 3% used [0x00000000e0000000,0x00000000e08a2158,0x00000000eda80000)
  from space 27648K, 0% used [0x00000000ef600000,0x00000000ef600000,0x00000000f1100000)
  to   space 28160K, 0% used [0x00000000eda80000,0x00000000eda80000,0x00000000ef600000)
 ParOldGen       total 90624K, used 61856K [0x00000000a0000000, 0x00000000a5880000, 0x00000000e0000000)
  object space 90624K, 68% used [0x00000000a0000000,0x00000000a3c68078,0x00000000a5880000)
 Metaspace       used 58377K, capacity 59748K, committed 60032K, reserved 1101824K
  class space    used 7716K, capacity 8029K, committed 8064K, reserved 1048576K
GC Heap History (10 events):
Event: 39.724 GC heap before
{Heap before GC invocations=11 (full 2):
 PSYoungGen      total 166400K, used 166332K [0x00000000e0000000, 0x00000000ec800000, 0x0000000100000000)
  eden space 157184K, 100% used [0x00000000e0000000,0x00000000e9980000,0x00000000e9980000)
  from space 9216K, 99% used [0x00000000ebf00000,0x00000000ec7ef350,0x00000000ec800000)
  to   space 12800K, 0% used [0x00000000eaf00000,0x00000000eaf00000,0x00000000ebb80000)
 ParOldGen       total 90624K, used 19189K [0x00000000a0000000, 0x00000000a5880000, 0x00000000e0000000)
  object space 90624K, 21% used [0x00000000a0000000,0x00000000a12bd4b0,0x00000000a5880000)
 Metaspace       used 46624K, capacity 47412K, committed 47744K, reserved 1091584K
  class space    used 6169K, capacity 6429K, committed 6528K, reserved 1048576K
Event: 39.747 GC heap after
Heap after GC invocations=11 (full 2):
 PSYoungGen      total 192000K, used 12798K [0x00000000e0000000, 0x00000000ed800000, 0x0000000100000000)
  eden space 179200K, 0% used [0x00000000e0000000,0x00000000e0000000,0x00000000eaf00000)
  from space 12800K, 99% used [0x00000000eaf00000,0x00000000ebb7f968,0x00000000ebb80000)
  to   space 14336K, 0% used [0x00000000eca00000,0x00000000eca00000,0x00000000ed800000)
 ParOldGen       total 90624K, used 19245K [0x00000000a0000000, 0x00000000a5880000, 0x00000000e0000000)
  object space 90624K, 21% used [0x00000000a0000000,0x00000000a12cb4c0,0x00000000a5880000)
 Metaspace       used 46624K, capacity 47412K, committed 47744K, reserved 1091584K
  class space    used 6169K, capacity 6429K, committed 6528K, reserved 1048576K
}
Event: 46.448 GC heap before
{Heap before GC invocations=12 (full 2):
 PSYoungGen      total 192000K, used 191998K [0x00000000e0000000, 0x00000000ed800000, 0x0000000100000000)
  eden space 179200K, 100% used [0x00000000e0000000,0x00000000eaf00000,0x00000000eaf00000)
  from space 12800K, 99% used [0x00000000eaf00000,0x00000000ebb7f968,0x00000000ebb80000)
  to   space 14336K, 0% used [0x00000000eca00000,0x00000000eca00000,0x00000000ed800000)
 ParOldGen       total 90624K, used 19245K [0x00000000a0000000, 0x00000000a5880000, 0x00000000e0000000)
  object space 90624K, 21% used [0x00000000a0000000,0x00000000a12cb4c0,0x00000000a5880000)
 Metaspace       used 52686K, capacity 54070K, committed 54272K, reserved 1095680K
  class space    used 6988K, capacity 7314K, committed 7424K, reserved 1048576K
Event: 46.502 GC heap after
Heap after GC invocations=12 (full 2):
 PSYoungGen      total 200192K, used 14321K [0x00000000e0000000, 0x00000000f0000000, 0x0000000100000000)
  eden space 185856K, 0% used [0x00000000e0000000,0x00000000e0000000,0x00000000eb580000)
  from space 14336K, 99% used [0x00000000eca00000,0x00000000ed7fc6e8,0x00000000ed800000)
  to   space 20992K, 0% used [0x00000000eb580000,0x00000000eb580000,0x00000000eca00000)
 ParOldGen       total 90624K, used 32557K [0x00000000a0000000, 0x00000000a5880000, 0x00000000e0000000)
  object space 90624K, 35% used [0x00000000a0000000,0x00000000a1fcb6b8,0x00000000a5880000)
 Metaspace       used 52686K, capacity 54070K, committed 54272K, reserved 1095680K
  class space    used 6988K, capacity 7314K, committed 7424K, reserved 1048576K
}
Event: 58.025 GC heap before
{Heap before GC invocations=13 (full 2):
 PSYoungGen      total 200192K, used 200177K [0x00000000e0000000, 0x00000000f0000000, 0x0000000100000000)
  eden space 185856K, 100% used [0x00000000e0000000,0x00000000eb580000,0x00000000eb580000)
  from space 14336K, 99% used [0x00000000eca00000,0x00000000ed7fc6e8,0x00000000ed800000)
  to   space 20992K, 0% used [0x00000000eb580000,0x00000000eb580000,0x00000000eca00000)
 ParOldGen       total 90624K, used 32557K [0x00000000a0000000, 0x00000000a5880000, 0x00000000e0000000)
  object space 90624K, 35% used [0x00000000a0000000,0x00000000a1fcb6b8,0x00000000a5880000)
 Metaspace       used 54584K, capacity 56010K, committed 56192K, reserved 1097728K
  class space    used 7225K, capacity 7550K, committed 7552K, reserved 1048576K
Event: 58.062 GC heap after
Heap after GC invocations=13 (full 2):
 PSYoungGen      total 206848K, used 20960K [0x00000000e0000000, 0x00000000f1100000, 0x0000000100000000)
  eden space 185856K, 0% used [0x00000000e0000000,0x00000000e0000000,0x00000000eb580000)
  from space 20992K, 99% used [0x00000000eb580000,0x00000000ec9f8380,0x00000000eca00000)
  to   space 27648K, 0% used [0x00000000ef600000,0x00000000ef600000,0x00000000f1100000)
 ParOldGen       total 90624K, used 43208K [0x00000000a0000000, 0x00000000a5880000, 0x00000000e0000000)
  object space 90624K, 47% used [0x00000000a0000000,0x00000000a2a322a8,0x00000000a5880000)
 Metaspace       used 54584K, capacity 56010K, committed 56192K, reserved 1097728K
  class space    used 7225K, capacity 7550K, committed 7552K, reserved 1048576K
}
Event: 58.563 GC heap before
{Heap before GC invocations=14 (full 2):
 PSYoungGen      total 206848K, used 43742K [0x00000000e0000000, 0x00000000f1100000, 0x0000000100000000)
  eden space 185856K, 12% used [0x00000000e0000000,0x00000000e163f738,0x00000000eb580000)
  from space 20992K, 99% used [0x00000000eb580000,0x00000000ec9f8380,0x00000000eca00000)
  to   space 27648K, 0% used [0x00000000ef600000,0x00000000ef600000,0x00000000f1100000)
 ParOldGen       total 90624K, used 43208K [0x00000000a0000000, 0x00000000a5880000, 0x00000000e0000000)
  object space 90624K, 47% used [0x00000000a0000000,0x00000000a2a322a8,0x00000000a5880000)
 Metaspace       used 57633K, capacity 59018K, committed 59136K, reserved 1099776K
  class space    used 7654K, capacity 7934K, committed 7936K, reserved 1048576K
Event: 58.596 GC heap after
Heap after GC invocations=14 (full 2):
 PSYoungGen      total 251392K, used 16704K [0x00000000e0000000, 0x00000000f3100000, 0x0000000100000000)
  eden space 223744K, 0% used [0x00000000e0000000,0x00000000e0000000,0x00000000eda80000)
  from space 27648K, 60% used [0x00000000ef600000,0x00000000f0650030,0x00000000f1100000)
  to   space 28160K, 0% used [0x00000000eda80000,0x00000000eda80000,0x00000000ef600000)
 ParOldGen       total 90624K, used 54260K [0x00000000a0000000, 0x00000000a5880000, 0x00000000e0000000)
  object space 90624K, 59% used [0x00000000a0000000,0x00000000a34fd020,0x00000000a5880000)
 Metaspace       used 57633K, capacity 59018K, committed 59136K, reserved 1099776K
  class space    used 7654K, capacity 7934K, committed 7936K, reserved 1048576K
}
Event: 58.596 GC heap before
{Heap before GC invocations=15 (full 3):
 PSYoungGen      total 251392K, used 16704K [0x00000000e0000000, 0x00000000f3100000, 0x0000000100000000)
  eden space 223744K, 0% used [0x00000000e0000000,0x00000000e0000000,0x00000000eda80000)
  from space 27648K, 60% used [0x00000000ef600000,0x00000000f0650030,0x00000000f1100000)
  to   space 28160K, 0% used [0x00000000eda80000,0x00000000eda80000,0x00000000ef600000)
 ParOldGen       total 90624K, used 54260K [0x00000000a0000000, 0x00000000a5880000, 0x00000000e0000000)
  object space 90624K, 59% used [0x00000000a0000000,0x00000000a34fd020,0x00000000a5880000)
 Metaspace       used 57633K, capacity 59018K, committed 59136K, reserved 1099776K
  class space    used 7654K, capacity 7934K, committed 7936K, reserved 1048576K
Event: 59.056 GC heap after
Heap after GC invocations=15 (full 3):
 PSYoungGen      total 251392K, used 0K [0x00000000e0000000, 0x00000000f3100000, 0x0000000100000000)
  eden space 223744K, 0% used [0x00000000e0000000,0x00000000e0000000,0x00000000eda80000)
  from space 27648K, 0% used [0x00000000ef600000,0x00000000ef600000,0x00000000f1100000)
  to   space 28160K, 0% used [0x00000000eda80000,0x00000000eda80000,0x00000000ef600000)
 ParOldGen       total 90624K, used 61856K [0x00000000a0000000, 0x00000000a5880000, 0x00000000e0000000)
  object space 90624K, 68% used [0x00000000a0000000,0x00000000a3c68078,0x00000000a5880000)
 Metaspace       used 57631K, capacity 59012K, committed 59136K, reserved 1099776K
  class space    used 7653K, capacity 7933K, committed 7936K, reserved 1048576K
}

